<?xml version="1.0" encoding="UTF-8"?>
<!-- Generated by org.testng.reporters.JUnitXMLReporter -->
<testsuite hostname="LT-5CG83051JD" ignored="0" name="Default test" tests="8" failures="0" timestamp="2020-03-04T10:54:29 EST" time="67.015" errors="0">
  <testcase name="verifyADPLink" time="1.044" classname="com.nx.externalLinksVerify.ExternalLinkCheckTest"/>
  <testcase name="verifyBambooHrLink" time="1.013" classname="com.nx.externalLinksVerify.ExternalLinkCheckTest"/>
  <testcase name="verifyGitLabLink" time="0.994" classname="com.nx.externalLinksVerify.ExternalLinkCheckTest"/>
  <testcase name="verifyJenkinsLink" time="1.042" classname="com.nx.externalLinksVerify.ExternalLinkCheckTest"/>
  <testcase name="verifyNexWikiLink" time="0.968" classname="com.nx.externalLinksVerify.ExternalLinkCheckTest"/>
  <testcase name="verifyOffice365Link" time="0.937" classname="com.nx.externalLinksVerify.ExternalLinkCheckTest"/>
  <testcase name="verifySharepointLink" time="0.962" classname="com.nx.externalLinksVerify.ExternalLinkCheckTest"/>
  <testcase name="verifySonarQubeLink" time="1.014" classname="com.nx.externalLinksVerify.ExternalLinkCheckTest"/>
</testsuite> <!-- Default test -->
